<?xml version="1.0" encoding="UTF-8"?>
<testng-results ignored="0" total="1" passed="1" failed="0" skipped="0">
  <reporter-output>
  </reporter-output>
  <suite started-at="2023-01-07T19:31:20 IST" name="Default suite" finished-at="2023-01-07T19:31:28 IST" duration-ms="7643">
    <groups>
    </groups>
    <test started-at="2023-01-07T19:31:20 IST" name="Default test" finished-at="2023-01-07T19:31:28 IST" duration-ms="7643">
      <class name="API.Sample_Put_Method">
        <test-method is-config="true" signature="postdata()[pri:0, instance:API.Sample_Put_Method@63a12c68]" started-at="2023-01-07T19:31:20 IST" name="postdata" finished-at="2023-01-07T19:31:21 IST" duration-ms="1082" status="PASS">
          <reporter-output>
          </reporter-output>
        </test-method> <!-- postdata -->
        <test-method signature="testdata()[pri:0, instance:API.Sample_Put_Method@63a12c68]" started-at="2023-01-07T19:31:21 IST" name="testdata" finished-at="2023-01-07T19:31:28 IST" duration-ms="6466" status="PASS">
          <reporter-output>
          </reporter-output>
        </test-method> <!-- testdata -->
      </class> <!-- API.Sample_Put_Method -->
    </test> <!-- Default test -->
  </suite> <!-- Default suite -->
</testng-results>
